Arguments: 
  C:\Program Files\nodejs\node.exe C:\Program Files\nodejs\node_modules\yarn\bin\yarn.js install --check-files

PATH: 
  C:\Program Files\PowerShell\7;C:\Ruby30-x64\bin;C:\Program Files\Python38\Scripts\;C:\Program Files\Python38\;C:\Program Files\Python310\Scripts\;C:\Program Files (x86)\Common Files\Intel\Shared Libraries\redist\intel64\compiler;C:\Program Files\Java\jdk-16.0.2\bin;C:\Program Files\Common Files\Oracle\Java\javapath;C:\Program Files\PowerShell\7;C:\Inprise\vbroker\bin;C:\PROGRA~2\Borland\CBUILD~1\Bin;C:\PROGRA~2\Borland\CBUILD~1\Projects\Bpl;C:\Python39\Scripts\;C:\Python39\;C:\Windows\system32;C:\Windows;C:\Windows\System32\Wbem;C:\Windows\System32\WindowsPowerShell\v1.0\;C:\Windows\System32\OpenSSH\;C:\ProgramData\chocolatey\bin;C:\Program Files (x86)\NVIDIA Corporation\PhysX\Common;C:\Program Files\Polyspace\R2021a\runtime\win64;C:\Program Files\Polyspace\R2021a\bin;C:\Program Files\Polyspace\R2021a\polyspace\bin;C:\Users\XWIZTRADER\AppData\Roaming\nvm;C:\Program Files\Microsoft SQL Server\130\Tools\Binn\;C:\ProgramData\Microsoft\Windows\Start Menu\Programs\Python 2.7;C:\Users\XWIZTRADER\AppData\Local\Microsoft\WindowsApps;C:\Users\XWIZTRADER\AppData\Local\Programs\Microsoft VS;C:\Users\XWIZTRADER\AppData\Local\Android\Sdk\platform-tools;C:\Microsoft\AndroidSDK\25\platform-tools;C:\Program Files\heroku\bin;C:\Program Files\Docker\Docker\resources\bin;C:\ProgramData\DockerDesktop\version-bin;C:\mingw32\bin;C:\Ruby30-x64\bin;C:\Program Files\Python38\Scripts\;C:\Program Files\Python38\;C:\Program Files\Python310\Scripts\;C:\Program Files (x86)\Common Files\Intel\Shared Libraries\redist\intel64\compiler;C:\Program Files\Java\jdk-16.0.2\bin;C:\Program Files\Common Files\Oracle\Java\javapath;C:\Program Files\PowerShell\7;C:\Inprise\vbroker\bin;C:\PROGRA~2\Borland\CBUILD~1\Bin;C:\PROGRA~2\Borland\CBUILD~1\Projects\Bpl;C:\Python39\Scripts\;C:\Python39\;C:\Windows\system32;C:\Windows;C:\Windows\System32\Wbem;C:\Windows\System32\WindowsPowerShell\v1.0\;C:\Windows\System32\OpenSSH\;C:\ProgramData\chocolatey\bin;C:\Program Files (x86)\NVIDIA Corporation\PhysX\Common;C:\Program Files\Polyspace\R2021a\runtime\win64;C:\Program Files\Polyspace\R2021a\bin;C:\Program Files\Polyspace\R2021a\polyspace\bin;C:\Users\XWIZTRADER\AppData\Roaming\nvm;C:\Program Files\Microsoft SQL Server\130\Tools\Binn\;C:\ProgramData\Microsoft\Windows\Start Menu\Programs\Python 2.7;C:\Users\XWIZTRADER\AppData\Local\Microsoft\WindowsApps;C:\Users\XWIZTRADER\AppData\Local\Programs\Microsoft VS;C:\Users\XWIZTRADER\AppData\Local\Android\Sdk\platform-tools;C:\Microsoft\AndroidSDK\25\platform-tools;C:\Program Files\heroku\bin;C:\Program Files\Docker\Docker\resources\bin;C:\ProgramData\DockerDesktop\version-bin;C:\mingw32\bin;%PATH%;C:\Program Files\Microsoft SQL Server\150\Tools\Binn\;C:\Program Files (x86)\IncrediBuild;C:\Users\XWIZTRADER\.windows-build-tools\python27\;C:\Python27;C:\Users\XWIZTRADER\AppData\Local\Packages\PythonSoftwareFoundation.Python.3.9_qbz5n2kfra8p0\LocalCache\local-packages\Python39\Scripts;C:\Program Files\dotnet\;C:\Users\XWIZTRADER\AppData\Roaming\nvm;C:\Program Files\nodejs;C:\Program Files\PowerShell\7\;C:\Program Files (x86)\Certbot\bin;C:\Program Files\Microsoft\Web Platform Installer\;C:\Program Files\Git\cmd;C:\xampp\php;C:\ProgramData\ComposerSetup\bin;C:\Program Files\Git;C:\Users\XWIZTRADER\AppData\Roaming\nvm\v12.18.0\node_modules\npm\node_modules\npm-lifecycle\node-gyp-bin;node_modules\windows-build-tools\node_modules\.bin;node_modules\.bin;C:\Program Files\Microsoft SQL Se;C:\Users\XWIZTRADER\AppData\Local\Programs\Micr;C:\Users\XWIZTRADER\AppData\Local\Programs\Hyper\resources\bin;C:\Users\XWIZTRADER\AppData\Local\Programs\Microsoft VS Code Insiders\bin;C:\Users\XWIZTRADER\AppData\Roaming\Composer\vendor\bin;C:\Program Files\Microsoft SQL Server\150\Tools\Binn\;C:\Program Files (x86)\IncrediBuild;C:\Users\XWIZTRADER\.windows-build-tools\python27\;C:\Python27;C:\Users\XWIZTRADER\AppData\Local\Packages\PythonSoftwareFoundation.Python.3.9_qbz5n2kfra8p0\LocalCache\local-packages\Python39\Scripts;C:\Program Files\dotnet\;C:\Users\XWIZTRADER\AppData\Roaming\nvm;C:\Program Files\nodejs;C:\Program Files\PowerShell\7\;C:\Program Files (x86)\Certbot\bin;C:\Program Files\Microsoft\Web Platform Installer\;C:\Program Files\Git\cmd;C:\xampp\php;C:\ProgramData\ComposerSetup\bin;C:\Program Files\Git;C:\Users\XWIZTRADER\AppData\Roaming\nvm\v12.18.0\node_modules\npm\node_modules\npm-lifecycle\node-gyp-bin;node_modules\windows-build-tools\node_modules\.bin;node_modules\.bin;C:\Program Files\Microsoft SQL Se;C:\Users\XWIZTRADER\AppData\Local\Programs\Micr;C:\Users\XWIZTRADER\AppData\Local\Programs\Hyper\resources\bin;C:\Users\XWIZTRADER\AppData\Local\Programs\Microsoft VS Code Insiders\bin;C:\Users\XWIZTRADER\AppData\Roaming\Composer\vendor\bin

Yarn version: 
  1.22.17

Node version: 
  14.17.1

Platform: 
  win32 x64

Trace: 
  Error: https://registry.yarnpkg.com/@deriv%2faccount: Not found
      at Request.params.callback [as _callback] (C:\Users\XWIZTRADER\AppData\Roaming\nvm\v14.17.1\node_modules\yarn\lib\cli.js:67029:18)
      at Request.self.callback (C:\Users\XWIZTRADER\AppData\Roaming\nvm\v14.17.1\node_modules\yarn\lib\cli.js:140883:22)
      at Request.emit (events.js:375:28)
      at Request.<anonymous> (C:\Users\XWIZTRADER\AppData\Roaming\nvm\v14.17.1\node_modules\yarn\lib\cli.js:141855:10)
      at Request.emit (events.js:375:28)
      at IncomingMessage.<anonymous> (C:\Users\XWIZTRADER\AppData\Roaming\nvm\v14.17.1\node_modules\yarn\lib\cli.js:141777:12)
      at Object.onceWrapper (events.js:481:28)
      at IncomingMessage.emit (events.js:387:35)
      at endReadableNT (internal/streams/readable.js:1317:12)
      at processTicksAndRejections (internal/process/task_queues.js:82:21)

npm manifest: 
  {
    "name": "@deriv/trader",
    "version": "3.8.0",
    "description": "Deriv content",
    "main": "dist/trader/js/trader.js",
    "private": true,
    "scripts": {
      "start": "npm run test && npm run serve",
      "serve": "echo \"Serving...\" && webpack --progress --watch --config \"./build/webpack.config.js\"",
      "build": "f () { webpack --config \"./build/webpack.config.js\" --env base=$1;}; f",
      "build:travis": "echo \"No build:travis specified\"",
      "test": "echo \"No mocha:test specified\"",
      "test:eslint": "eslint \"./src/**/*.?(js|jsx)\"",
      "test:mocha": "mochapack -r babel-polyfill -r jsdom-global/register -r mock-local-storage --webpack-config \"./build/webpack.config-test.js\" \"src/**/__tests__/*.js\" --webpack-env.mocha_only --require ignore-styles",
      "deploy": "echo \"No deploy specified\"",
      "deploy:clean": "echo \"No deploy:clean specified\"",
      "deploy:folder": "echo \"No deploy:folder specified\"",
      "deploy:staging": "echo \"No deploy:staging specified\"",
      "deploy:production": "echo \"No deploy:production specified\""
    },
    "engines": {
      "node": "^14.17.1"
    },
    "repository": {
      "type": "git",
      "url": "https://github.com/binary-com/deriv-app.git"
    },
    "keywords": [
      "deriv"
    ],
    "author": "Deriv",
    "license": "Apache-2.0",
    "bugs": {
      "url": "https://github.com/binary-com/deriv-app/issues"
    },
    "homepage": "https://github.com/binary-com/deriv-app",
    "devDependencies": {
      "babel-eslint": "^10.1.0",
      "babel-loader": "^8.1.0",
      "chai": "^4.2.0",
      "circular-dependency-plugin": "^5.2.2",
      "clean-webpack-plugin": "^3.0.0",
      "copy-webpack-plugin": "^9.0.1",
      "css-loader": "^5.0.1",
      "enzyme": "^3.10.0",
      "enzyme-adapter-react-16": "^1.14.0",
      "eslint-config-airbnb-base": "^14.2.1",
      "eslint-config-binary": "^1.0.2",
      "eslint-config-prettier": "^7.2.0",
      "eslint-plugin-import": "^2.23.4",
      "eslint-plugin-prettier": "^3.3.1",
      "eslint-plugin-react": "^7.22.0",
      "eslint-plugin-react-hooks": "^4.2.0",
      "file-loader": "^6.2.0",
      "html-loader": "^1.3.2",
      "html-webpack-plugin": "^5.0.0-beta.5",
      "html-webpack-tags-plugin": "^2.0.17",
      "ignore-styles": "^5.0.1",
      "jsdom": "^16.2.1",
      "jsdom-global": "^2.1.1",
      "mini-css-extract-plugin": "^1.3.4",
      "mocha": "^7.1.1",
      "mochapack": "^2.1.2",
      "mock-local-storage": "^1.1.8",
      "node-sass": "^4.12.0",
      "css-minimizer-webpack-plugin": "^3.0.1",
      "postcss-loader": "^6.1.1",
      "postcss-preset-env": "^6.7.0",
      "postcss-scss": "^4.0.0",
  
      "react-svg-loader": "^3.0.3",
      "resolve-url-loader": "^3.1.2",
      "sass-loader": "^10.1.1",
      "sass-resources-loader": "^2.1.1",
      "sinon": "^7.3.2",
      "stylelint-formatter-pretty": "^2.1.1",
      "svgo": "^1.3.2",
      "terser-webpack-plugin": "^5.1.1",
      "webpack": "^5.46.0",
      "webpack-bundle-analyzer": "^4.3.0",
      "webpack-cli": "^4.7.2",
      "webpack-manifest-plugin": "^4.0.2",
      "webpack-node-externals": "^2.5.2"
    },
    "dependencies": {
      "@deriv/account": "^1.0.0",
      "@deriv/components": "^1.0.0",
      "@deriv/deriv-api": "^1.0.8",
      "@deriv/deriv-charts": "^0.4.1",
      "@deriv/shared": "^1.0.0",
      "@deriv/translations": "^1.0.0",
      "acorn": "^6.1.1",
      "babel-polyfill": "^6.26.0",
      "canvas-toBlob": "^1.0.0",
      "classnames": "^2.2.6",
      "crc-32": "^1.2.0",
      "event-source-polyfill": "^1.0.5",
      "extend": "^3.0.2",
      "formik": "^2.1.4",
      "i18next": "^20.3.2",
      "js-cookie": "^2.2.1",
      "lodash.debounce": "^4.0.8",
      "lodash.throttle": "^4.1.1",
      "mobx": "^5.15.7",
      "mobx-react": "6.3.1",
      "mobx-utils": "^5.5.5",
      "moment": "^2.24.0",
      "null-loader": "^4.0.1",
      "object.fromentries": "^2.0.0",
      "promise-polyfill": "^8.1.3",
      "prop-types": "^15.7.2",
      "react": "^16.14.0",
      "react-content-loader": "^4.3.2",
      "react-dom": "^16.14.0",
      "react-i18next": "^11.11.0",
      "react-loadable": "^5.5.0",
      "react-pose": "^4.0.10",
      "react-router": "^5.2.0",
      "react-router-dom": "^5.2.0",
      "react-transition-group": "^4.3.0",
      "workbox-webpack-plugin": "^6.0.2"
    }
  }

yarn manifest: 
  No manifest

Lockfile: 
  No lockfile
